mode: set
subscription-service/internal/app/usecase/subscription.go:35.26,45.2 2 1
subscription-service/internal/app/usecase/subscription.go:50.33,54.16 4 1
subscription-service/internal/app/usecase/subscription.go:54.16,55.56 1 1
subscription-service/internal/app/usecase/subscription.go:55.56,57.4 1 0
subscription-service/internal/app/usecase/subscription.go:58.3,58.18 1 1
subscription-service/internal/app/usecase/subscription.go:61.2,70.8 1 1
subscription-service/internal/app/usecase/subscription.go:73.91,75.16 2 1
subscription-service/internal/app/usecase/subscription.go:75.16,76.39 1 1
subscription-service/internal/app/usecase/subscription.go:76.39,78.4 1 0
subscription-service/internal/app/usecase/subscription.go:79.3,79.64 1 1
subscription-service/internal/app/usecase/subscription.go:82.2,82.17 1 1
subscription-service/internal/app/usecase/subscription.go:85.97,87.16 1 1
subscription-service/internal/app/usecase/subscription.go:87.16,89.18 2 1
subscription-service/internal/app/usecase/subscription.go:89.18,90.58 1 0
subscription-service/internal/app/usecase/subscription.go:90.58,92.6 1 0
subscription-service/internal/app/usecase/subscription.go:93.5,93.52 1 0
subscription-service/internal/app/usecase/subscription.go:93.52,95.6 1 0
subscription-service/internal/app/usecase/subscription.go:97.5,97.15 1 0
subscription-service/internal/app/usecase/subscription.go:100.4,100.14 1 1
subscription-service/internal/app/usecase/subscription.go:105.2,105.13 1 1
subscription-service/internal/app/usecase/subscription.go:108.97,110.16 2 1
subscription-service/internal/app/usecase/subscription.go:110.16,112.3 1 0
subscription-service/internal/app/usecase/subscription.go:114.2,115.16 2 1
subscription-service/internal/app/usecase/subscription.go:115.16,116.56 1 0
subscription-service/internal/app/usecase/subscription.go:116.56,118.4 1 0
subscription-service/internal/app/usecase/subscription.go:119.3,120.18 2 0
subscription-service/internal/app/usecase/subscription.go:120.18,122.4 1 0
subscription-service/internal/app/usecase/subscription.go:124.3,124.39 1 0
subscription-service/internal/app/usecase/subscription.go:124.39,126.4 1 0
subscription-service/internal/app/usecase/subscription.go:128.3,128.52 1 0
subscription-service/internal/app/usecase/subscription.go:131.2,131.38 1 1
subscription-service/internal/app/usecase/subscription.go:131.38,133.3 1 0
subscription-service/internal/app/usecase/subscription.go:135.2,135.12 1 1
subscription-service/internal/app/usecase/subscription.go:138.69,140.16 2 1
subscription-service/internal/app/usecase/subscription.go:140.16,141.39 1 1
subscription-service/internal/app/usecase/subscription.go:141.39,143.4 1 0
subscription-service/internal/app/usecase/subscription.go:144.3,144.62 1 1
subscription-service/internal/app/usecase/subscription.go:147.2,147.12 1 1
subscription-service/internal/app/usecase/subscription.go:150.119,152.16 2 1
subscription-service/internal/app/usecase/subscription.go:152.16,154.3 1 0
subscription-service/internal/app/usecase/subscription.go:156.2,156.18 1 1
subscription-service/internal/app/usecase/subscription.go:159.102,161.16 2 1
subscription-service/internal/app/usecase/subscription.go:161.16,163.3 1 1
subscription-service/internal/app/usecase/subscription.go:165.2,165.17 1 1
